2025-03-31 00:12:40,913 - INFO - [31m[1mWARNING: This is a development server. Do not use it in a production deployment. Use a production WSGI server instead.[0m
 * Running on all addresses (0.0.0.0)
 * Running on http://127.0.0.1:8080
 * Running on http://192.168.1.160:8080
2025-03-31 00:12:40,913 - INFO - [33mPress CTRL+C to quit[0m
2025-03-31 00:12:40,914 - INFO -  * Restarting with stat
2025-03-31 00:12:41,384 - WARNING -  * Debugger is active!
2025-03-31 00:12:41,389 - INFO -  * Debugger PIN: 568-504-099
2025-03-31 00:12:45,689 - INFO - 127.0.0.1 - - [31/Mar/2025 00:12:45] "POST /process_coordinates HTTP/1.1" 200 -
2025-03-31 00:12:52,320 - INFO - 127.0.0.1 - - [31/Mar/2025 00:12:52] "POST /process_coordinates HTTP/1.1" 200 -
2025-03-31 00:13:39,305 - INFO -  * Detected change in '/Users/kavanaughfrank/Desktop/OSGC/root/OSGC_API/main.py', reloading
2025-03-31 00:13:39,375 - INFO -  * Restarting with stat
2025-03-31 00:13:41,996 - INFO - Received a request to /process_coordinates
2025-03-31 00:13:41,996 - INFO - Looking up file based on coordinates
2025-03-31 00:13:42,001 - INFO - Processing 1 files
2025-03-31 00:13:42,043 - INFO - Number of -999999 values before replacement: 0
2025-03-31 00:13:42,044 - INFO - Highest value in the DataFrame: 212.5397491455078
2025-03-31 00:13:42,044 - INFO - Lowest value in the DataFrame: 207.93971252441406
2025-03-31 00:13:42,044 - INFO - Data Frame Shape before Interpolation: (108, 108)
2025-03-31 00:13:42,051 - INFO - Data Frame Shape after Interpolation: (20, 10)
2025-03-31 00:13:42,057 - INFO - Request processed successfully
2025-03-31 00:18:25,682 - INFO -  * Restarting with stat
2025-03-31 00:18:30,966 - __main__ - INFO - main.py:65 - Received process_coordinates request
2025-03-31 00:18:30,966 - __main__ - ERROR - main.py:119 - Longitude ordering invalid: upper_long=-83.755 < lower_long=-83.745
2025-03-31 00:18:30,969 - __main__ - CRITICAL - main.py:271 - Unhandled exception in processing
Traceback (most recent call last):
  File "/Users/kavanaughfrank/Desktop/OSGC/root/OSGC_API/main.py", line 121, in process_coordinates
    abort(400, "upper_long must be greater than or equal to lower_long")
    ~~~~~^^^^^^^^^^^^^^^^^^^^^^^^^^^^^^^^^^^^^^^^^^^^^^^^^^^^^^^^^^^^^^^
  File "/Users/kavanaughfrank/Desktop/OSGC/.venv/lib/python3.13/site-packages/flask/helpers.py", line 284, in abort
    current_app.aborter(code, *args, **kwargs)
    ~~~~~~~~~~~~~~~~~~~^^^^^^^^^^^^^^^^^^^^^^^
  File "/Users/kavanaughfrank/Desktop/OSGC/.venv/lib/python3.13/site-packages/werkzeug/exceptions.py", line 876, in __call__
    raise self.mapping[code](*args, **kwargs)
werkzeug.exceptions.BadRequest: 400 Bad Request: upper_long must be greater than or equal to lower_long
2025-03-31 00:19:18,534 - __main__ - INFO - main.py:65 - Received process_coordinates request
2025-03-31 00:19:18,535 - __main__ - ERROR - main.py:119 - Longitude ordering invalid: upper_long=-83.755 < lower_long=-83.745
2025-03-31 00:19:18,536 - __main__ - CRITICAL - main.py:271 - Unhandled exception in processing
Traceback (most recent call last):
  File "/Users/kavanaughfrank/Desktop/OSGC/root/OSGC_API/main.py", line 121, in process_coordinates
    abort(400, "upper_long must be greater than or equal to lower_long")
    ~~~~~^^^^^^^^^^^^^^^^^^^^^^^^^^^^^^^^^^^^^^^^^^^^^^^^^^^^^^^^^^^^^^^
  File "/Users/kavanaughfrank/Desktop/OSGC/.venv/lib/python3.13/site-packages/flask/helpers.py", line 284, in abort
    current_app.aborter(code, *args, **kwargs)
    ~~~~~~~~~~~~~~~~~~~^^^^^^^^^^^^^^^^^^^^^^^
  File "/Users/kavanaughfrank/Desktop/OSGC/.venv/lib/python3.13/site-packages/werkzeug/exceptions.py", line 876, in __call__
    raise self.mapping[code](*args, **kwargs)
werkzeug.exceptions.BadRequest: 400 Bad Request: upper_long must be greater than or equal to lower_long
2025-03-31 00:19:50,481 - __main__ - INFO - main.py:65 - Received process_coordinates request
2025-03-31 00:19:50,482 - __main__ - ERROR - main.py:119 - Longitude ordering invalid: upper_long=-83.755 < lower_long=-83.745
2025-03-31 00:19:50,483 - __main__ - CRITICAL - main.py:271 - Unhandled exception in processing
Traceback (most recent call last):
  File "/Users/kavanaughfrank/Desktop/OSGC/root/OSGC_API/main.py", line 121, in process_coordinates
    abort(400, "upper_long must be greater than or equal to lower_long")
    ~~~~~^^^^^^^^^^^^^^^^^^^^^^^^^^^^^^^^^^^^^^^^^^^^^^^^^^^^^^^^^^^^^^^
  File "/Users/kavanaughfrank/Desktop/OSGC/.venv/lib/python3.13/site-packages/flask/helpers.py", line 284, in abort
    current_app.aborter(code, *args, **kwargs)
    ~~~~~~~~~~~~~~~~~~~^^^^^^^^^^^^^^^^^^^^^^^
  File "/Users/kavanaughfrank/Desktop/OSGC/.venv/lib/python3.13/site-packages/werkzeug/exceptions.py", line 876, in __call__
    raise self.mapping[code](*args, **kwargs)
werkzeug.exceptions.BadRequest: 400 Bad Request: upper_long must be greater than or equal to lower_long
2025-03-31 00:19:51,856 - __main__ - INFO - main.py:65 - Received process_coordinates request
2025-03-31 00:19:51,857 - __main__ - ERROR - main.py:119 - Longitude ordering invalid: upper_long=-83.755 < lower_long=-83.745
2025-03-31 00:19:51,857 - __main__ - CRITICAL - main.py:271 - Unhandled exception in processing
Traceback (most recent call last):
  File "/Users/kavanaughfrank/Desktop/OSGC/root/OSGC_API/main.py", line 121, in process_coordinates
    abort(400, "upper_long must be greater than or equal to lower_long")
    ~~~~~^^^^^^^^^^^^^^^^^^^^^^^^^^^^^^^^^^^^^^^^^^^^^^^^^^^^^^^^^^^^^^^
  File "/Users/kavanaughfrank/Desktop/OSGC/.venv/lib/python3.13/site-packages/flask/helpers.py", line 284, in abort
    current_app.aborter(code, *args, **kwargs)
    ~~~~~~~~~~~~~~~~~~~^^^^^^^^^^^^^^^^^^^^^^^
  File "/Users/kavanaughfrank/Desktop/OSGC/.venv/lib/python3.13/site-packages/werkzeug/exceptions.py", line 876, in __call__
    raise self.mapping[code](*args, **kwargs)
werkzeug.exceptions.BadRequest: 400 Bad Request: upper_long must be greater than or equal to lower_long
2025-03-31 00:20:44,261 - __main__ - INFO - main.py:65 - Received process_coordinates request
2025-03-31 00:20:44,262 - __main__ - ERROR - main.py:119 - Longitude ordering invalid: upper_long=-83.755 < lower_long=-83.745
2025-03-31 00:20:44,263 - __main__ - CRITICAL - main.py:271 - Unhandled exception in processing
Traceback (most recent call last):
  File "/Users/kavanaughfrank/Desktop/OSGC/root/OSGC_API/main.py", line 121, in process_coordinates
    # Calculate file lookup parameters
  File "/Users/kavanaughfrank/Desktop/OSGC/.venv/lib/python3.13/site-packages/flask/helpers.py", line 284, in abort
    current_app.aborter(code, *args, **kwargs)
    ~~~~~~~~~~~~~~~~~~~^^^^^^^^^^^^^^^^^^^^^^^
  File "/Users/kavanaughfrank/Desktop/OSGC/.venv/lib/python3.13/site-packages/werkzeug/exceptions.py", line 876, in __call__
    raise self.mapping[code](*args, **kwargs)
werkzeug.exceptions.BadRequest: 400 Bad Request: upper_long must be greater than or equal to lower_long
2025-03-31 00:21:02,746 - __main__ - INFO - main.py:65 - Received process_coordinates request
2025-03-31 00:21:02,746 - __main__ - ERROR - main.py:119 - Longitude ordering invalid: upper_long=-83.755 < lower_long=-83.745
2025-03-31 00:21:02,747 - __main__ - CRITICAL - main.py:271 - Unhandled exception in processing
Traceback (most recent call last):
  File "/Users/kavanaughfrank/Desktop/OSGC/root/OSGC_API/main.py", line 121, in process_coordinates
    elif lat_diff == 0 and long_diff == 0:
            ^^^^^^^^^^^^^^^^^^^^^^^^^^^^^^
  File "/Users/kavanaughfrank/Desktop/OSGC/.venv/lib/python3.13/site-packages/flask/helpers.py", line 284, in abort
    current_app.aborter(code, *args, **kwargs)
    ~~~~~~~~~~~~~~~~~~~^^^^^^^^^^^^^^^^^^^^^^^
  File "/Users/kavanaughfrank/Desktop/OSGC/.venv/lib/python3.13/site-packages/werkzeug/exceptions.py", line 876, in __call__
    raise self.mapping[code](*args, **kwargs)
werkzeug.exceptions.BadRequest: 400 Bad Request: upper_long must be greater than or equal to lower_long
2025-03-31 00:21:23,952 - INFO - Received a request to /process_coordinates
2025-03-31 00:21:23,953 - INFO - Looking up file based on coordinates
2025-03-31 00:21:23,959 - INFO - Processing 1 files
2025-03-31 00:21:24,013 - INFO - Number of -999999 values before replacement: 0
2025-03-31 00:21:24,014 - INFO - Highest value in the DataFrame: 212.5397491455078
2025-03-31 00:21:24,014 - INFO - Lowest value in the DataFrame: 207.93971252441406
2025-03-31 00:21:24,014 - INFO - Data Frame Shape before Interpolation: (108, 108)
2025-03-31 00:21:24,021 - INFO - Data Frame Shape after Interpolation: (20, 10)
2025-03-31 00:21:24,026 - INFO - Request processed successfully
2025-03-31 00:22:57,225 - INFO - Received a request to /process_coordinates
2025-03-31 00:22:57,226 - INFO - Request parameters: num_x_slice=20, num_y_slice=10, upper_lat=41.255, lower_lat=41.245, upper_long=-83.755, lower_long=-83.745, gs_lat=41.25, gs_long=-83.75, gs_height=0.0, offset=200.0
2025-03-31 00:22:57,226 - INFO - Looking up file based on coordinates: upper_lat=41.255, upper_long=-83.755, lower_lat=41.245, lower_long=-83.745
2025-03-31 00:22:57,233 - INFO - Processing 1 files
2025-03-31 00:22:57,280 - INFO - Number of -999999 values before replacement: 0
2025-03-31 00:22:57,281 - INFO - Highest value in the DataFrame: 212.5397491455078
2025-03-31 00:22:57,281 - INFO - Lowest value in the DataFrame: 207.93971252441406
2025-03-31 00:22:57,281 - INFO - Data Frame Shape before Interpolation: (108, 108)
2025-03-31 00:22:57,288 - INFO - Data Frame Shape after Interpolation: (20, 10)
2025-03-31 00:22:57,294 - INFO - Request processed successfully
2025-03-31 00:23:15,142 - INFO - Received a request to /process_coordinates
2025-03-31 00:23:15,142 - INFO - Request parameters: {'upper_lat': 41.255, 'lower_lat': 41.245, 'upper_long': -83.755, 'lower_long': -83.745, 'num_x_slice': 20, 'num_y_slice': 10, 'gs_lat': 41.25, 'gs_long': -83.75, 'gs_height': 0, 'offset': 200}
2025-03-31 00:23:15,142 - INFO - Looking up file based on coordinates: upper_lat=41.255, upper_long=-83.755, lower_lat=41.245, lower_long=-83.745
2025-03-31 00:23:15,146 - INFO - Processing 1 files
2025-03-31 00:23:15,187 - INFO - Number of -999999 values before replacement: 0
2025-03-31 00:23:15,188 - INFO - Highest value in the DataFrame: 212.5397491455078
2025-03-31 00:23:15,188 - INFO - Lowest value in the DataFrame: 207.93971252441406
2025-03-31 00:23:15,188 - INFO - Data Frame Shape before Interpolation: (108, 108)
2025-03-31 00:23:15,195 - INFO - Data Frame Shape after Interpolation: (20, 10)
2025-03-31 00:23:15,201 - INFO - Request processed successfully
2025-03-31 11:52:50,506 - INFO - Received a request to /process_coordinates
2025-03-31 11:52:50,507 - INFO - Request parameters: {'upper_lat': 39.217984, 'lower_lat': 39.207046, 'upper_long': -82.237185, 'lower_long': -82.220715, 'num_x_slice': 20, 'num_y_slice': 10, 'gs_lat': 39.208946, 'gs_long': -82.236184, 'gs_height': 0, 'offset': 200}
2025-03-31 11:52:50,507 - INFO - Looking up file based on coordinates: upper_lat=39.217984, upper_long=-82.237185, lower_lat=39.207046, lower_long=-82.220715
2025-03-31 11:52:50,531 - INFO - Processing 1 files
2025-03-31 11:52:50,602 - INFO - Number of -999999 values before replacement: 0
2025-03-31 11:52:50,603 - INFO - Highest value in the DataFrame: 252.89004516601562
2025-03-31 11:52:50,603 - INFO - Lowest value in the DataFrame: 223.03269958496094
2025-03-31 11:52:50,603 - INFO - Data Frame Shape before Interpolation: (118, 178)
2025-03-31 11:52:50,613 - INFO - Data Frame Shape after Interpolation: (20, 10)
2025-03-31 11:52:50,619 - INFO - Request processed successfully
2025-03-31 11:57:36,300 - INFO - Received a request to /process_coordinates
2025-03-31 11:57:36,300 - INFO - Request parameters: {'upper_lat': 40.005092, 'lower_lat': 39.990179, 'upper_long': -82.909233, 'lower_long': -82.87346, 'num_x_slice': 20, 'num_y_slice': 10, 'gs_lat': 39.997452, 'gs_long': -82.878063, 'gs_height': 0, 'offset': 200}
2025-03-31 11:57:36,300 - INFO - Looking up file based on coordinates: upper_lat=40.005092, upper_long=-82.909233, lower_lat=39.990179, lower_long=-82.87346
2025-03-31 11:57:36,302 - INFO - Processing 2 files
2025-03-31 11:57:48,064 - INFO - Number of -999999 values before replacement: 38600
2025-03-31 11:58:56,595 - INFO - Received a request to /process_coordinates
2025-03-31 11:58:56,596 - INFO - Request parameters: {'upper_lat': 39.217984, 'lower_lat': 39.207046, 'upper_long': -82.237185, 'lower_long': -82.220715, 'num_x_slice': 20, 'num_y_slice': 10, 'gs_lat': 39.208946, 'gs_long': -82.236184, 'gs_height': 0, 'offset': 200}
2025-03-31 11:58:56,596 - INFO - Looking up file based on coordinates: upper_lat=39.217984, upper_long=-82.237185, lower_lat=39.207046, lower_long=-82.220715
2025-03-31 11:58:56,602 - INFO - Processing 1 files
2025-03-31 11:58:56,661 - INFO - Number of -999999 values before replacement: 0
2025-03-31 11:58:56,663 - INFO - Highest value in the DataFrame: 252.89004516601562
2025-03-31 11:58:56,663 - INFO - Lowest value in the DataFrame: 223.03269958496094
2025-03-31 11:58:56,663 - INFO - Data Frame Shape before Interpolation: (118, 178)
2025-03-31 11:58:56,672 - INFO - Data Frame Shape after Interpolation: (20, 10)
2025-03-31 11:58:56,679 - INFO - Request processed successfully
2025-03-31 11:59:36,136 - INFO - Received a request to /process_coordinates
2025-03-31 11:59:36,136 - INFO - Request parameters: {'upper_lat': 39.217984, 'lower_lat': 39.207046, 'upper_long': -82.237185, 'lower_long': -82.220715, 'num_x_slice': 20, 'num_y_slice': 10, 'gs_lat': 39.208221, 'gs_long': -82.237686, 'gs_height': 0, 'offset': 200}
2025-03-31 11:59:36,136 - INFO - Looking up file based on coordinates: upper_lat=39.217984, upper_long=-82.237185, lower_lat=39.207046, lower_long=-82.220715
2025-03-31 11:59:36,138 - INFO - Processing 1 files
2025-03-31 11:59:36,168 - INFO - Number of -999999 values before replacement: 0
2025-03-31 11:59:36,169 - INFO - Highest value in the DataFrame: 252.89004516601562
2025-03-31 11:59:36,169 - INFO - Lowest value in the DataFrame: 223.03269958496094
2025-03-31 11:59:36,169 - INFO - Data Frame Shape before Interpolation: (118, 178)
2025-03-31 11:59:36,178 - INFO - Data Frame Shape after Interpolation: (20, 10)
2025-03-31 11:59:36,182 - INFO - Request processed successfully
2025-03-31 12:01:04,478 - INFO - Received a request to /process_coordinates
2025-03-31 12:01:04,479 - INFO - Request parameters: {'upper_lat': 39.217984, 'lower_lat': 39.207046, 'upper_long': -82.237185, 'lower_long': -82.220715, 'num_x_slice': 20, 'num_y_slice': 10, 'gs_lat': 39.208221, 'gs_long': -82.237686, 'gs_height': 0, 'offset': 200}
2025-03-31 12:01:04,479 - INFO - Looking up file based on coordinates: upper_lat=39.217984, upper_long=-82.237185, lower_lat=39.207046, lower_long=-82.220715
2025-03-31 12:01:04,485 - INFO - Processing 1 files
2025-03-31 12:01:04,534 - INFO - Number of -999999 values before replacement: 0
2025-03-31 12:01:04,535 - INFO - Highest value in the DataFrame: 252.89004516601562
2025-03-31 12:01:04,535 - INFO - Lowest value in the DataFrame: 223.03269958496094
2025-03-31 12:01:04,535 - INFO - Data Frame Shape before Interpolation: (118, 178)
2025-03-31 12:01:04,535 - INFO - Height of the elevation where the GS is located 245.29663696289063
2025-03-31 12:01:04,544 - INFO - Data Frame Shape after Interpolation: (20, 10)
2025-03-31 12:01:04,551 - INFO - Request processed successfully
2025-03-31 12:01:52,135 - INFO - Received a request to /process_coordinates
2025-03-31 12:01:52,136 - INFO - Request parameters: {'upper_lat': 39.217984, 'lower_lat': 39.207046, 'upper_long': -82.237185, 'lower_long': -82.220715, 'num_x_slice': 20, 'num_y_slice': 10, 'gs_lat': 39.211834, 'gs_long': -82.229385, 'gs_height': 0, 'offset': 200}
2025-03-31 12:01:52,136 - INFO - Looking up file based on coordinates: upper_lat=39.217984, upper_long=-82.237185, lower_lat=39.207046, lower_long=-82.220715
2025-03-31 12:01:52,138 - INFO - Processing 1 files
2025-03-31 12:01:52,166 - INFO - Number of -999999 values before replacement: 0
2025-03-31 12:01:52,166 - INFO - Highest value in the DataFrame: 252.89004516601562
2025-03-31 12:01:52,166 - INFO - Lowest value in the DataFrame: 223.03269958496094
2025-03-31 12:01:52,166 - INFO - Data Frame Shape before Interpolation: (118, 178)
2025-03-31 12:01:52,167 - INFO - Height of the elevation where the GS is located 232.18502502441407
2025-03-31 12:01:52,175 - INFO - Data Frame Shape after Interpolation: (20, 10)
2025-03-31 12:01:52,179 - INFO - Request processed successfully
2025-03-31 13:46:53,952 - INFO - Received a request to /process_coordinates
2025-03-31 13:46:53,954 - INFO - Request parameters: {'upper_lat': 39.217984, 'lower_lat': 39.207046, 'upper_long': -82.237185, 'lower_long': -82.220715, 'num_x_slice': 20, 'num_y_slice': 10, 'gs_lat': 39.211834, 'gs_long': -82.229385, 'gs_height': 0, 'offset': 200}
2025-03-31 13:46:53,954 - INFO - Looking up file based on coordinates: upper_lat=39.217984, upper_long=-82.237185, lower_lat=39.207046, lower_long=-82.220715
2025-03-31 13:46:53,991 - INFO - Processing 1 files
2025-03-31 13:46:54,068 - INFO - Number of -999999 values before replacement: 0
2025-03-31 13:46:54,070 - INFO - Highest value in the DataFrame: 252.89004516601562
2025-03-31 13:46:54,070 - INFO - Lowest value in the DataFrame: 223.03269958496094
2025-03-31 13:46:54,070 - INFO - Data Frame Shape before Interpolation: (118, 178)
2025-03-31 13:46:54,071 - INFO - Height of the elevation where the GS is located 232.18502502441407
2025-03-31 13:46:54,080 - INFO - Data Frame Shape after Interpolation: (20, 10)
2025-03-31 13:46:54,088 - INFO - Request processed successfully
2025-04-01 19:07:12,428 - INFO - Received a request to /process_coordinates
2025-04-01 19:07:12,429 - INFO - Request parameters: {'upper_lat': 39.217984, 'lower_lat': 39.207046, 'upper_long': -82.237185, 'lower_long': -82.220715, 'num_x_slice': 20, 'num_y_slice': 10, 'gs_lat': 39.211834, 'gs_long': -82.229385, 'gs_height': 0, 'offset': 200}
2025-04-01 19:07:12,429 - INFO - Looking up file based on coordinates: upper_lat=39.217984, upper_long=-82.237185, lower_lat=39.207046, lower_long=-82.220715
2025-04-01 19:07:12,467 - INFO - Processing 1 files
2025-04-01 19:07:12,548 - INFO - Number of -999999 values before replacement: 0
2025-04-01 19:07:12,550 - INFO - Highest value in the DataFrame: 252.89004516601562
2025-04-01 19:07:12,550 - INFO - Lowest value in the DataFrame: 223.03269958496094
2025-04-01 19:07:12,550 - INFO - Data Frame Shape before Interpolation: (118, 178)
2025-04-01 19:07:12,550 - INFO - Height of the elevation where the GS is located 232.19072341396168
2025-04-01 19:07:12,560 - INFO - Data Frame Shape after Interpolation: (20, 10)
2025-04-01 19:07:12,568 - INFO - Request processed successfully
2025-04-09 09:47:36,753 - INFO - Received a request to /process_coordinates
2025-04-09 09:47:36,754 - INFO - Request parameters: {'upper_lat': 39.217984, 'lower_lat': 39.207046, 'upper_long': -82.237185, 'lower_long': -82.220715, 'num_x_slice': 20, 'num_y_slice': 10, 'gs_lat': 39.211834, 'gs_long': -82.229385, 'gs_height': 0, 'offset': 200}
2025-04-09 09:47:36,754 - INFO - Looking up file based on coordinates: upper_lat=39.217984, upper_long=-82.237185, lower_lat=39.207046, lower_long=-82.220715
2025-04-09 09:47:36,763 - INFO - Processing 1 files
2025-04-09 09:47:36,825 - INFO - Number of -999999 values before replacement: 0
2025-04-09 09:47:36,827 - INFO - Highest value in the DataFrame: 252.89004516601562
2025-04-09 09:47:36,827 - INFO - Lowest value in the DataFrame: 223.03269958496094
2025-04-09 09:47:36,827 - INFO - Data Frame Shape before Interpolation: (118, 178)
2025-04-09 09:47:36,827 - INFO - Height of the elevation where the GS is located 232.19072341396168
2025-04-09 09:47:36,836 - INFO - Data Frame Shape after Interpolation: (20, 10)
2025-04-09 09:47:36,843 - INFO - Request processed successfully
2025-04-13 22:09:26,921 - INFO - Received a request to /process_coordinates
2025-04-13 22:09:26,921 - INFO - Request parameters: {'upper_lat': 39.217984, 'lower_lat': 39.207046, 'upper_long': -82.237185, 'lower_long': -82.220715, 'num_x_slice': 20, 'num_y_slice': 10, 'gs_lat': 39.211834, 'gs_long': -82.229385, 'gs_height': 0, 'offset': 200}
2025-04-13 22:09:26,921 - INFO - Looking up file based on coordinates: upper_lat=39.217984, upper_long=-82.237185, lower_lat=39.207046, lower_long=-82.220715
2025-04-13 22:09:26,951 - INFO - Processing 1 files
2025-04-13 22:09:27,015 - INFO - Number of -999999 values before replacement: 0
2025-04-13 22:09:27,017 - INFO - Highest value in the DataFrame: 252.89004516601562
2025-04-13 22:09:27,017 - INFO - Lowest value in the DataFrame: 223.03269958496094
2025-04-13 22:09:27,017 - INFO - Data Frame Shape before Interpolation: (118, 178)
2025-04-13 22:09:27,017 - INFO - Height of the elevation where the GS is located 232.19072341396168
2025-04-13 22:09:27,025 - INFO - Data Frame Shape after Interpolation: (20, 10)
2025-04-13 22:09:27,028 - ERROR - Translation basis failed: unsupported operand type(s) for *: 'decimal.Decimal' and 'float'
2025-04-13 22:10:14,401 - INFO - Received a request to /process_coordinates
2025-04-13 22:10:14,402 - INFO - Request parameters: {'upper_lat': 39.217984, 'lower_lat': 39.207046, 'upper_long': -82.237185, 'lower_long': -82.220715, 'num_x_slice': 20, 'num_y_slice': 10, 'gs_lat': 39.211834, 'gs_long': -82.229385, 'gs_height': 0, 'offset': 200}
2025-04-13 22:10:14,402 - INFO - Looking up file based on coordinates: upper_lat=39.217984, upper_long=-82.237185, lower_lat=39.207046, lower_long=-82.220715
2025-04-13 22:10:14,406 - INFO - Processing 1 files
2025-04-13 22:10:14,453 - INFO - Number of -999999 values before replacement: 0
2025-04-13 22:10:14,454 - INFO - Highest value in the DataFrame: 252.89004516601562
2025-04-13 22:10:14,455 - INFO - Lowest value in the DataFrame: 223.03269958496094
2025-04-13 22:10:14,455 - INFO - Data Frame Shape before Interpolation: (118, 178)
2025-04-13 22:10:14,455 - INFO - Height of the elevation where the GS is located 232.19072341396168
2025-04-13 22:10:14,462 - INFO - Data Frame Shape after Interpolation: (20, 10)
2025-04-13 22:10:14,469 - INFO - Request processed successfully
2025-04-13 22:13:20,421 - INFO - Received a request to /process_coordinates
2025-04-13 22:13:20,421 - ERROR - Invalid input data: float() argument must be a string or a real number, not 'NoneType'
2025-04-13 22:13:33,406 - INFO - Received a request to /process_coordinates
2025-04-13 22:13:33,406 - INFO - Request parameters: {'upper_lat': 39.217984, 'lower_lat': 39.207046, 'upper_long': -82.237185, 'lower_long': -82.220715, 'num_x_slice': 20, 'num_y_slice': 10, 'gs_lat': 39.211834, 'gs_long': -82.229385, 'gs_height': 0, 'offset': 200, 'heading': 20}
2025-04-13 22:13:33,406 - INFO - Looking up file based on coordinates: upper_lat=39.217984, upper_long=-82.237185, lower_lat=39.207046, lower_long=-82.220715
2025-04-13 22:13:33,412 - INFO - Processing 1 files
2025-04-13 22:13:33,460 - INFO - Number of -999999 values before replacement: 0
2025-04-13 22:13:33,461 - INFO - Highest value in the DataFrame: 252.89004516601562
2025-04-13 22:13:33,461 - INFO - Lowest value in the DataFrame: 223.03269958496094
2025-04-13 22:13:33,461 - INFO - Data Frame Shape before Interpolation: (118, 178)
2025-04-13 22:13:33,461 - INFO - Height of the elevation where the GS is located 232.19072341396168
2025-04-13 22:13:33,468 - INFO - Data Frame Shape after Interpolation: (20, 10)
2025-04-13 22:13:33,470 - ERROR - Translation basis failed: unsupported operand type(s) for *: 'decimal.Decimal' and 'float'
2025-04-13 22:14:11,958 - INFO - Received a request to /process_coordinates
2025-04-13 22:14:11,958 - INFO - Request parameters: {'upper_lat': 39.217984, 'lower_lat': 39.207046, 'upper_long': -82.237185, 'lower_long': -82.220715, 'num_x_slice': 20, 'num_y_slice': 10, 'gs_lat': 39.211834, 'gs_long': -82.229385, 'gs_height': 0, 'offset': 200, 'heading': 20}
2025-04-13 22:14:11,958 - INFO - Looking up file based on coordinates: upper_lat=39.217984, upper_long=-82.237185, lower_lat=39.207046, lower_long=-82.220715
2025-04-13 22:14:11,964 - INFO - Processing 1 files
2025-04-13 22:14:12,012 - INFO - Number of -999999 values before replacement: 0
2025-04-13 22:14:12,013 - INFO - Highest value in the DataFrame: 252.89004516601562
2025-04-13 22:14:12,013 - INFO - Lowest value in the DataFrame: 223.03269958496094
2025-04-13 22:14:12,013 - INFO - Data Frame Shape before Interpolation: (118, 178)
2025-04-13 22:14:12,013 - INFO - Height of the elevation where the GS is located 232.19072341396168
2025-04-13 22:14:12,021 - INFO - Data Frame Shape after Interpolation: (20, 10)
2025-04-13 22:14:12,026 - INFO - Request processed successfully
2025-04-13 22:20:13,801 - INFO - Received a request to /process_coordinates
2025-04-13 22:20:13,802 - INFO - Request parameters: {'upper_lat': 39.217984, 'lower_lat': 39.207046, 'upper_long': -82.237185, 'lower_long': -82.220715, 'num_x_slice': 20, 'num_y_slice': 10, 'gs_lat': 39.211834, 'gs_long': -82.229385, 'gs_height': 0, 'offset': 200, 'heading': 20}
2025-04-13 22:20:13,802 - INFO - Looking up file based on coordinates: upper_lat=39.217984, upper_long=-82.237185, lower_lat=39.207046, lower_long=-82.220715
2025-04-13 22:20:13,807 - INFO - Processing 1 files
2025-04-13 22:20:13,855 - INFO - Number of -999999 values before replacement: 0
2025-04-13 22:20:13,856 - INFO - Highest value in the DataFrame: 252.89004516601562
2025-04-13 22:20:13,857 - INFO - Lowest value in the DataFrame: 223.03269958496094
2025-04-13 22:20:13,857 - INFO - Data Frame Shape before Interpolation: (118, 178)
2025-04-13 22:20:13,857 - INFO - Height of the elevation where the GS is located 232.19072341396168
2025-04-13 22:20:13,864 - INFO - Data Frame Shape after Interpolation: (20, 10)
2025-04-13 22:20:13,870 - INFO - Request processed successfully
2025-04-13 22:20:16,809 - INFO - Received a request to /process_coordinates
2025-04-13 22:20:16,809 - INFO - Request parameters: {'upper_lat': 39.217984, 'lower_lat': 39.207046, 'upper_long': -82.237185, 'lower_long': -82.220715, 'num_x_slice': 20, 'num_y_slice': 10, 'gs_lat': 39.211834, 'gs_long': -82.229385, 'gs_height': 0, 'offset': 200, 'heading': -20}
2025-04-13 22:20:16,809 - ERROR - heading must be a value greater than 0
2025-04-13 22:20:21,988 - INFO - Received a request to /process_coordinates
2025-04-13 22:20:21,989 - INFO - Request parameters: {'upper_lat': 39.217984, 'lower_lat': 39.207046, 'upper_long': -82.237185, 'lower_long': -82.220715, 'num_x_slice': 20, 'num_y_slice': 10, 'gs_lat': 39.211834, 'gs_long': -82.229385, 'gs_height': 0, 'offset': 200, 'heading': 380}
2025-04-13 22:20:21,989 - INFO - heading was above 360 and had 360 subtracted to it
2025-04-13 22:20:21,989 - INFO - Looking up file based on coordinates: upper_lat=39.217984, upper_long=-82.237185, lower_lat=39.207046, lower_long=-82.220715
2025-04-13 22:20:21,991 - INFO - Processing 1 files
2025-04-13 22:20:22,012 - INFO - Number of -999999 values before replacement: 0
2025-04-13 22:20:22,012 - INFO - Highest value in the DataFrame: 252.89004516601562
2025-04-13 22:20:22,013 - INFO - Lowest value in the DataFrame: 223.03269958496094
2025-04-13 22:20:22,013 - INFO - Data Frame Shape before Interpolation: (118, 178)
2025-04-13 22:20:22,013 - INFO - Height of the elevation where the GS is located 232.19072341396168
2025-04-13 22:20:22,019 - INFO - Data Frame Shape after Interpolation: (20, 10)
2025-04-13 22:20:22,022 - INFO - Request processed successfully
2025-04-14 13:34:22,616 - INFO - Received a request to /process_coordinates
2025-04-14 13:34:22,618 - INFO - Request parameters: {'upper_lat': 39.217984, 'lower_lat': 39.207046, 'upper_long': -82.237185, 'lower_long': -82.220715, 'num_x_slice': 20, 'num_y_slice': 10, 'gs_lat': 39.211834, 'gs_long': -82.229385, 'gs_height': 0, 'offset': 200, 'heading': 380}
2025-04-14 13:34:22,618 - INFO - heading was above 360 and had 360 subtracted to it
2025-04-14 13:34:22,618 - INFO - Looking up file based on coordinates: upper_lat=39.217984, upper_long=-82.237185, lower_lat=39.207046, lower_long=-82.220715
2025-04-14 13:34:22,658 - INFO - Processing 1 files
2025-04-14 13:34:22,698 - INFO - Number of -999999 values before replacement: 0
2025-04-14 13:34:22,701 - INFO - Highest value in the DataFrame: 253.69789123535156
2025-04-14 13:34:22,701 - INFO - Lowest value in the DataFrame: 223.03269958496094
2025-04-14 13:34:22,701 - INFO - Data Frame Shape before Interpolation: (118, 178)
2025-04-14 13:34:22,701 - INFO - Height of the elevation where the GS is located 232.18479073426275
2025-04-14 13:34:22,711 - INFO - Data Frame Shape after Interpolation: (20, 10)
2025-04-14 13:34:22,718 - INFO - Request processed successfully
2025-04-14 13:36:41,016 - INFO - Received a request to /process_coordinates
2025-04-14 13:36:41,016 - INFO - Request parameters: {'upper_lat': 40.004843, 'lower_lat': 39.990086, 'upper_long': -82.909614, 'lower_long': -82.872003, 'num_x_slice': 20, 'num_y_slice': 10, 'gs_lat': 39.999, 'gs_long': -82.89, 'gs_height': 0, 'offset': 200, 'heading': 380}
2025-04-14 13:36:41,016 - INFO - heading was above 360 and had 360 subtracted to it
2025-04-14 13:36:41,016 - INFO - Looking up file based on coordinates: upper_lat=40.004843, upper_long=-82.909614, lower_lat=39.990086, lower_long=-82.872003
2025-04-14 13:36:41,019 - INFO - Processing 2 files
2025-04-14 13:37:23,013 - INFO - Received a request to /process_coordinates
2025-04-14 13:37:23,013 - INFO - Request parameters: {'upper_lat': 40.004843, 'lower_lat': 39.990086, 'upper_long': -82.909614, 'lower_long': -82.872003, 'num_x_slice': 20, 'num_y_slice': 10, 'gs_lat': 39.999, 'gs_long': -82.89, 'gs_height': 0, 'offset': 200, 'heading': 380}
2025-04-14 13:37:23,013 - INFO - heading was above 360 and had 360 subtracted to it
2025-04-14 13:37:23,013 - INFO - Looking up file based on coordinates: upper_lat=40.004843, upper_long=-82.909614, lower_lat=39.990086, lower_long=-82.872003
2025-04-14 13:37:23,019 - INFO - Processing 2 files
2025-04-14 13:38:35,144 - INFO - Received a request to /process_coordinates
2025-04-14 13:38:35,144 - INFO - Request parameters: {'upper_lat': 40.004843, 'lower_lat': 39.990086, 'upper_long': -82.909614, 'lower_long': -82.872003, 'num_x_slice': 20, 'num_y_slice': 10, 'gs_lat': 39.999, 'gs_long': -82.89, 'gs_height': 0, 'offset': 200, 'heading': 380}
2025-04-14 13:38:35,144 - INFO - heading was above 360 and had 360 subtracted to it
2025-04-14 13:38:35,144 - INFO - Looking up file based on coordinates: upper_lat=40.004843, upper_long=-82.909614, lower_lat=39.990086, lower_long=-82.872003
2025-04-14 13:38:35,150 - INFO - Processing 2 files
2025-04-14 13:38:48,297 - INFO - Received a request to /process_coordinates
2025-04-14 13:38:48,297 - INFO - Request parameters: {'upper_lat': 40.004843, 'lower_lat': 39.990086, 'upper_long': -82.909614, 'lower_long': -82.872003, 'num_x_slice': 20, 'num_y_slice': 10, 'gs_lat': 39.999, 'gs_long': -82.89, 'gs_height': 0, 'offset': 200, 'heading': 380}
2025-04-14 13:38:48,297 - INFO - heading was above 360 and had 360 subtracted to it
2025-04-14 13:38:48,297 - INFO - Looking up file based on coordinates: upper_lat=40.004843, upper_long=-82.909614, lower_lat=39.990086, lower_long=-82.872003
2025-04-14 13:38:48,302 - INFO - Processing 2 files
2025-04-14 13:39:56,650 - INFO - Received a request to /process_coordinates
2025-04-14 13:39:56,650 - INFO - Request parameters: {'upper_lat': 40.004843, 'lower_lat': 39.990086, 'upper_long': -82.909614, 'lower_long': -82.872003, 'num_x_slice': 20, 'num_y_slice': 10, 'gs_lat': 39.999, 'gs_long': -82.89, 'gs_height': 0, 'offset': 200, 'heading': 380}
2025-04-14 13:39:56,650 - INFO - heading was above 360 and had 360 subtracted to it
2025-04-14 13:39:56,650 - INFO - Looking up file based on coordinates: upper_lat=40.004843, upper_long=-82.909614, lower_lat=39.990086, lower_long=-82.872003
2025-04-14 13:39:56,654 - INFO - Processing 2 files
2025-04-14 13:45:22,118 - INFO - Received a request to /process_coordinates
2025-04-14 13:45:22,118 - INFO - Request parameters: {'upper_lat': 40.004843, 'lower_lat': 39.990086, 'upper_long': -82.909614, 'lower_long': -82.872003, 'num_x_slice': 20, 'num_y_slice': 10, 'gs_lat': 39.999, 'gs_long': -82.89, 'gs_height': 0, 'offset': 200, 'heading': 380}
2025-04-14 13:45:22,118 - INFO - heading was above 360 and had 360 subtracted to it
2025-04-14 13:45:22,118 - INFO - Looking up file based on coordinates: upper_lat=40.004843, upper_long=-82.909614, lower_lat=39.990086, lower_long=-82.872003
2025-04-14 13:45:22,123 - INFO - Processing 2 files
2025-04-14 18:52:04,632 - INFO - Received a request to /process_coordinates
2025-04-14 18:52:04,632 - INFO - Request parameters: {'upper_lat': 40.004843, 'lower_lat': 39.990086, 'upper_long': -82.909614, 'lower_long': -82.872003, 'num_x_slice': 20, 'num_y_slice': 10, 'gs_lat': 39.999, 'gs_long': -82.89, 'gs_height': 0, 'offset': 200, 'heading': 380}
2025-04-14 18:52:04,633 - INFO - heading was above 360 and had 360 subtracted to it
2025-04-14 18:52:04,633 - INFO - Looking up file based on coordinates: upper_lat=40.004843, upper_long=-82.909614, lower_lat=39.990086, lower_long=-82.872003
2025-04-14 18:52:04,666 - INFO - Processing 2 files
2025-04-14 18:52:15,834 - INFO - Number of -999999 values before replacement: 40600
2025-04-14 18:52:37,222 - INFO - Received a request to /process_coordinates
2025-04-14 18:52:37,223 - INFO - Request parameters: {'upper_lat': 39.217984, 'lower_lat': 39.207046, 'upper_long': -82.237185, 'lower_long': -82.220715, 'num_x_slice': 20, 'num_y_slice': 10, 'gs_lat': 39.211834, 'gs_long': -82.229385, 'gs_height': 0, 'offset': 200, 'heading': 20}
2025-04-14 18:52:37,223 - INFO - Looking up file based on coordinates: upper_lat=39.217984, upper_long=-82.237185, lower_lat=39.207046, lower_long=-82.220715
2025-04-14 18:52:37,226 - INFO - Processing 1 files
2025-04-14 18:52:37,263 - INFO - Number of -999999 values before replacement: 0
2025-04-14 18:52:37,266 - INFO - Highest value in the DataFrame: 252.89004516601562
2025-04-14 18:52:37,266 - INFO - Lowest value in the DataFrame: 223.03269958496094
2025-04-14 18:52:37,266 - INFO - Data Frame Shape before Interpolation: (118, 178)
2025-04-14 18:52:37,266 - INFO - Height of the elevation where the GS is located 232.19072341396168
2025-04-14 18:52:37,276 - INFO - Data Frame Shape after Interpolation: (20, 10)
2025-04-14 18:52:37,282 - INFO - Request processed successfully
2025-04-16 18:43:40,504 - INFO - Received a request to /process_coordinates
2025-04-16 18:43:40,505 - INFO - Request parameters: {'upper_lat': 40.005114, 'lower_lat': 39.99043, 'upper_long': -82.911807, 'lower_long': -82.87463, 'num_x_slice': 30, 'num_y_slice': 30, 'gs_lat': 39.98, 'gs_long': -82.86, 'gs_height': 1.0, 'offset': 200.0, 'heading': 100.0}
2025-04-16 18:43:40,505 - INFO - Looking up file based on coordinates: upper_lat=40.005114, upper_long=-82.911807, lower_lat=39.99043, lower_long=-82.87463
2025-04-16 18:43:40,529 - INFO - Processing 2 files
2025-04-16 18:43:50,504 - INFO - Number of -999999 values before replacement: 38994
2025-04-16 18:43:59,889 - INFO - Received a request to /process_coordinates
2025-04-16 18:43:59,889 - INFO - Request parameters: {'upper_lat': 40.005114, 'lower_lat': 39.99043, 'upper_long': -82.911807, 'lower_long': -82.87463, 'num_x_slice': 30, 'num_y_slice': 30, 'gs_lat': 39.98, 'gs_long': -82.86, 'gs_height': 1.0, 'offset': 200.0, 'heading': 100.0}
2025-04-16 18:43:59,890 - INFO - Looking up file based on coordinates: upper_lat=40.005114, upper_long=-82.911807, lower_lat=39.99043, lower_long=-82.87463
2025-04-16 18:43:59,898 - INFO - Processing 2 files
2025-04-16 18:44:10,725 - INFO - Number of -999999 values before replacement: 38994
2025-04-16 18:44:10,800 - INFO - Highest value in the DataFrame: 252.93154907226562
2025-04-16 18:44:10,800 - INFO - Lowest value in the DataFrame: 235.7602081298828
2025-04-16 18:44:10,801 - INFO - Data Frame Shape before Interpolation: (159, 402)
2025-04-16 18:44:10,801 - INFO - Height of the elevation where the GS is located 244.89707983263696
2025-04-16 18:44:10,892 - INFO - Data Frame Shape after Interpolation: (30, 30)
2025-04-16 18:44:11,029 - INFO - Request processed successfully
2025-04-16 18:44:55,440 - INFO - Received a request to /process_coordinates
2025-04-16 18:44:55,441 - INFO - Request parameters: {'upper_lat': 40.005114, 'lower_lat': 39.99043, 'upper_long': -82.911807, 'lower_long': -82.87463, 'num_x_slice': 30, 'num_y_slice': 30, 'gs_lat': 39.99703, 'gs_long': -82.905517, 'gs_height': 1.0, 'offset': 200.0, 'heading': 100.0}
2025-04-16 18:44:55,441 - INFO - Looking up file based on coordinates: upper_lat=40.005114, upper_long=-82.911807, lower_lat=39.99043, lower_long=-82.87463
2025-04-16 18:44:55,446 - INFO - Processing 2 files
2025-04-16 18:45:05,688 - INFO - Number of -999999 values before replacement: 38994
2025-04-16 18:45:05,770 - INFO - Highest value in the DataFrame: 252.93154907226562
2025-04-16 18:45:05,771 - INFO - Lowest value in the DataFrame: 235.7602081298828
2025-04-16 18:45:05,771 - INFO - Data Frame Shape before Interpolation: (159, 402)
2025-04-16 18:45:05,772 - INFO - Height of the elevation where the GS is located 248.61900624773395
2025-04-16 18:45:05,862 - INFO - Data Frame Shape after Interpolation: (30, 30)
2025-04-16 18:45:06,230 - INFO - Request processed successfully
2025-04-22 16:16:56,950 - INFO - Received a request to /process_coordinates
2025-04-22 16:16:56,950 - INFO - Request parameters: {'upper_lat': 39.217984, 'lower_lat': 39.207046, 'upper_long': -82.237185, 'lower_long': -82.220715, 'num_x_slice': 20, 'num_y_slice': 10, 'gs_lat': 39.211834, 'gs_long': -82.229385, 'gs_height': 0, 'offset': 200, 'heading': 20}
2025-04-22 16:16:56,950 - INFO - Looking up file based on coordinates: upper_lat=39.217984, upper_long=-82.237185, lower_lat=39.207046, lower_long=-82.220715
2025-04-22 16:16:57,254 - INFO - Processing 1 files
2025-04-22 16:16:57,274 - INFO - Number of -999999 values before replacement: 0
2025-04-22 16:16:57,275 - INFO - Highest value in the DataFrame: 252.89004516601562
2025-04-22 16:16:57,276 - INFO - Lowest value in the DataFrame: 223.03269958496094
2025-04-22 16:16:57,276 - INFO - Data Frame Shape before Interpolation: (118, 178)
2025-04-22 16:16:57,276 - INFO - Height of the elevation where the GS is located 232.19072341396168
2025-04-22 16:16:57,285 - INFO - Data Frame Shape after Interpolation: (20, 10)
2025-04-22 16:16:57,290 - INFO - Request processed successfully
2025-04-22 16:19:26,304 - INFO - Received a request to /process_coordinates
2025-04-22 16:19:26,304 - INFO - Request parameters: {'upper_lat': 39.217984, 'lower_lat': 39.207046, 'upper_long': -82.237185, 'lower_long': -82.220715, 'num_x_slice': 20, 'num_y_slice': 10, 'gs_lat': 39.211834, 'gs_long': -82.229385, 'gs_height': 0, 'offset': 200, 'heading': 20}
2025-04-22 16:19:26,304 - INFO - Looking up file based on coordinates: upper_lat=39.217984, upper_long=-82.237185, lower_lat=39.207046, lower_long=-82.220715
2025-04-22 16:19:26,624 - INFO - Processing 1 files
2025-04-22 16:19:26,647 - INFO - Number of -999999 values before replacement: 0
2025-04-22 16:19:26,648 - INFO - Highest value in the DataFrame: 252.89004516601562
2025-04-22 16:19:26,648 - INFO - Lowest value in the DataFrame: 223.03269958496094
2025-04-22 16:19:26,648 - INFO - Data Frame Shape before Interpolation: (118, 178)
2025-04-22 16:19:26,648 - INFO - Height of the elevation where the GS is located 232.19072341396168
2025-04-22 16:19:26,658 - INFO - Data Frame Shape after Interpolation: (20, 10)
2025-04-22 16:19:26,663 - INFO - Request processed successfully
2025-04-22 16:19:48,857 - INFO - Received a request to /process_coordinates
2025-04-22 16:19:48,857 - INFO - Request parameters: {'upper_lat': 39.217984, 'lower_lat': 39.207046, 'upper_long': -82.237185, 'lower_long': -82.220715, 'num_x_slice': 20, 'num_y_slice': 10, 'gs_lat': 39.211834, 'gs_long': -82.229385, 'gs_height': 0, 'offset': 200, 'heading': 20}
2025-04-22 16:19:48,857 - INFO - Looking up file based on coordinates: upper_lat=39.217984, upper_long=-82.237185, lower_lat=39.207046, lower_long=-82.220715
2025-04-22 16:19:49,117 - ERROR - File not found
2025-04-22 16:20:30,354 - INFO - Received a request to /process_coordinates
2025-04-22 16:20:30,355 - INFO - Request parameters: {'upper_lat': 39.217984, 'lower_lat': 39.207046, 'upper_long': -82.237185, 'lower_long': -82.220715, 'num_x_slice': 20, 'num_y_slice': 10, 'gs_lat': 39.211834, 'gs_long': -82.229385, 'gs_height': 0, 'offset': 200, 'heading': 20}
2025-04-22 16:20:30,355 - INFO - Looking up file based on coordinates: upper_lat=39.217984, upper_long=-82.237185, lower_lat=39.207046, lower_long=-82.220715
2025-04-22 16:20:30,653 - ERROR - File not found
2025-04-22 16:22:10,498 - INFO - Received a request to /process_coordinates
2025-04-22 16:22:10,499 - INFO - Request parameters: {'upper_lat': 39.217984, 'lower_lat': 39.207046, 'upper_long': -82.237185, 'lower_long': -82.220715, 'num_x_slice': 20, 'num_y_slice': 10, 'gs_lat': 39.211834, 'gs_long': -82.229385, 'gs_height': 0, 'offset': 200, 'heading': 20}
2025-04-22 16:22:10,499 - INFO - Looking up file based on coordinates: upper_lat=39.217984, upper_long=-82.237185, lower_lat=39.207046, lower_long=-82.220715
2025-04-22 16:22:10,776 - ERROR - File not found
2025-04-22 16:22:53,852 - INFO - Received a request to /process_coordinates
2025-04-22 16:22:53,853 - INFO - Request parameters: {'upper_lat': 39.217984, 'lower_lat': 39.207046, 'upper_long': -82.237185, 'lower_long': -82.220715, 'num_x_slice': 20, 'num_y_slice': 10, 'gs_lat': 39.211834, 'gs_long': -82.229385, 'gs_height': 0, 'offset': 200, 'heading': 20}
2025-04-22 16:22:53,853 - INFO - Looking up file based on coordinates: upper_lat=39.217984, upper_long=-82.237185, lower_lat=39.207046, lower_long=-82.220715
2025-04-22 16:22:54,147 - ERROR - File not found
2025-04-22 16:24:01,810 - INFO - Received a request to /process_coordinates
2025-04-22 16:24:01,810 - INFO - Request parameters: {'upper_lat': 39.217984, 'lower_lat': 39.207046, 'upper_long': -82.237185, 'lower_long': -82.220715, 'num_x_slice': 20, 'num_y_slice': 10, 'gs_lat': 39.211834, 'gs_long': -82.229385, 'gs_height': 0, 'offset': 200, 'heading': 20}
2025-04-22 16:24:01,811 - INFO - Looking up file based on coordinates: upper_lat=39.217984, upper_long=-82.237185, lower_lat=39.207046, lower_long=-82.220715
2025-04-22 16:24:02,080 - ERROR - File not found
2025-04-22 16:25:53,451 - INFO - Received a request to /process_coordinates
2025-04-22 16:25:53,451 - INFO - Request parameters: {'upper_lat': 39.217984, 'lower_lat': 39.207046, 'upper_long': -82.237185, 'lower_long': -82.220715, 'num_x_slice': 20, 'num_y_slice': 10, 'gs_lat': 39.211834, 'gs_long': -82.229385, 'gs_height': 0, 'offset': 200, 'heading': 20}
2025-04-22 16:25:53,451 - INFO - Looking up file based on coordinates: upper_lat=39.217984, upper_long=-82.237185, lower_lat=39.207046, lower_long=-82.220715
2025-04-22 16:25:53,735 - ERROR - File not found
2025-04-22 16:26:11,789 - INFO - Received a request to /process_coordinates
2025-04-22 16:26:11,789 - INFO - Request parameters: {'upper_lat': 39.217984, 'lower_lat': 39.207046, 'upper_long': -82.237185, 'lower_long': -82.220715, 'num_x_slice': 20, 'num_y_slice': 10, 'gs_lat': 39.211834, 'gs_long': -82.229385, 'gs_height': 0, 'offset': 200, 'heading': 20}
2025-04-22 16:26:11,789 - INFO - Looking up file based on coordinates: upper_lat=39.217984, upper_long=-82.237185, lower_lat=39.207046, lower_long=-82.220715
2025-04-22 16:26:12,334 - ERROR - File not found
2025-04-22 16:27:19,728 - INFO - Received a request to /process_coordinates
2025-04-22 16:27:19,729 - INFO - Request parameters: {'upper_lat': 39.217984, 'lower_lat': 39.207046, 'upper_long': -82.237185, 'lower_long': -82.220715, 'num_x_slice': 20, 'num_y_slice': 10, 'gs_lat': 39.211834, 'gs_long': -82.229385, 'gs_height': 0, 'offset': 200, 'heading': 20}
2025-04-22 16:27:19,729 - INFO - Looking up file based on coordinates: upper_lat=39.217984, upper_long=-82.237185, lower_lat=39.207046, lower_long=-82.220715
2025-04-22 16:27:53,442 - INFO - Processing 1 files
2025-04-22 16:27:53,456 - INFO - Number of -999999 values before replacement: 0
2025-04-22 16:27:53,458 - INFO - Highest value in the DataFrame: 252.89004516601562
2025-04-22 16:27:53,458 - INFO - Lowest value in the DataFrame: 223.03269958496094
2025-04-22 16:27:53,458 - INFO - Data Frame Shape before Interpolation: (118, 178)
2025-04-22 16:27:53,458 - INFO - Height of the elevation where the GS is located 232.19072341396168
2025-04-22 16:27:53,467 - INFO - Data Frame Shape after Interpolation: (20, 10)
2025-04-22 16:27:53,472 - INFO - Request processed successfully
2025-04-22 16:28:07,625 - INFO - Received a request to /process_coordinates
2025-04-22 16:28:07,625 - INFO - Request parameters: {'upper_lat': 39.217984, 'lower_lat': 39.207046, 'upper_long': -82.237185, 'lower_long': -82.220715, 'num_x_slice': 20, 'num_y_slice': 10, 'gs_lat': 39.211834, 'gs_long': -82.229385, 'gs_height': 0, 'offset': 200, 'heading': 20}
2025-04-22 16:28:07,626 - INFO - Looking up file based on coordinates: upper_lat=39.217984, upper_long=-82.237185, lower_lat=39.207046, lower_long=-82.220715
2025-04-22 16:28:42,153 - INFO - Processing 1 files
2025-04-22 16:28:42,175 - INFO - Number of -999999 values before replacement: 0
2025-04-22 16:28:42,176 - INFO - Highest value in the DataFrame: 252.89004516601562
2025-04-22 16:28:42,176 - INFO - Lowest value in the DataFrame: 223.03269958496094
2025-04-22 16:28:42,176 - INFO - Data Frame Shape before Interpolation: (118, 178)
2025-04-22 16:28:42,176 - INFO - Height of the elevation where the GS is located 232.19072341396168
2025-04-22 16:28:42,187 - INFO - Data Frame Shape after Interpolation: (20, 10)
2025-04-22 16:28:42,191 - INFO - Request processed successfully
2025-04-22 16:30:14,585 - INFO - Received a request to /process_coordinates
2025-04-22 16:30:14,585 - INFO - Request parameters: {'upper_lat': 39.217984, 'lower_lat': 39.207046, 'upper_long': -82.237185, 'lower_long': -82.220715, 'num_x_slice': 20, 'num_y_slice': 10, 'gs_lat': 39.211834, 'gs_long': -82.229385, 'gs_height': 0, 'offset': 200, 'heading': 20}
2025-04-22 16:30:14,585 - INFO - Looking up file based on coordinates: upper_lat=39.217984, upper_long=-82.237185, lower_lat=39.207046, lower_long=-82.220715
2025-04-22 16:30:29,571 - INFO - Received a request to /process_coordinates
2025-04-22 16:30:29,571 - INFO - Request parameters: {'upper_lat': 39.217984, 'lower_lat': 39.207046, 'upper_long': -82.237185, 'lower_long': -82.220715, 'num_x_slice': 20, 'num_y_slice': 10, 'gs_lat': 39.211834, 'gs_long': -82.229385, 'gs_height': 0, 'offset': 200, 'heading': 20}
2025-04-22 16:30:29,571 - INFO - Looking up file based on coordinates: upper_lat=39.217984, upper_long=-82.237185, lower_lat=39.207046, lower_long=-82.220715
2025-04-22 16:30:29,576 - INFO - Processing 1 files
2025-04-22 16:30:29,590 - INFO - Number of -999999 values before replacement: 0
2025-04-22 16:30:29,591 - INFO - Highest value in the DataFrame: 252.89004516601562
2025-04-22 16:30:29,591 - INFO - Lowest value in the DataFrame: 223.03269958496094
2025-04-22 16:30:29,591 - INFO - Data Frame Shape before Interpolation: (118, 178)
2025-04-22 16:30:29,591 - INFO - Height of the elevation where the GS is located 232.19072341396168
2025-04-22 16:30:29,600 - INFO - Data Frame Shape after Interpolation: (20, 10)
2025-04-22 16:30:29,604 - INFO - Request processed successfully
